

Microchip Technology PIC LITE Macro Assembler V1.36 build -262312587 
                                                                                               Sun Aug  1 14:29:42 2021

Microchip Technology Omniscient Code Generator v1.36 (Free mode) build 201601150325
     1                           	processor	16F874
     2                           	opt	pw 120
     3                           	opt	lm
     4                           	psect	idataBANK0,global,class=CODE,delta=2
     5                           	psect	cinit,global,class=CODE,merge=1,delta=2
     6                           	psect	bssBANK0,global,class=BANK0,space=1,delta=1
     7                           	psect	dataBANK0,global,class=BANK0,space=1,delta=1
     8                           	psect	cstackBANK0,global,class=BANK0,space=1,delta=1
     9                           	psect	maintext,global,class=CODE,split=1,delta=2
    10                           	psect	text1,local,class=CODE,merge=1,delta=2
    11                           	psect	text2,local,class=CODE,merge=1,delta=2
    12                           	psect	intentry,global,class=CODE,delta=2
    13                           	psect	text3,local,class=CODE,merge=1,delta=2
    14                           	dabs	1,0x7E,2
    15  0000                     	;# 
    16  0001                     	;# 
    17  0002                     	;# 
    18  0003                     	;# 
    19  0004                     	;# 
    20  0005                     	;# 
    21  0006                     	;# 
    22  0007                     	;# 
    23  0008                     	;# 
    24  0009                     	;# 
    25  000A                     	;# 
    26  000B                     	;# 
    27  000C                     	;# 
    28  000D                     	;# 
    29  000E                     	;# 
    30  000E                     	;# 
    31  000F                     	;# 
    32  0010                     	;# 
    33  0011                     	;# 
    34  0012                     	;# 
    35  0013                     	;# 
    36  0014                     	;# 
    37  0015                     	;# 
    38  0015                     	;# 
    39  0016                     	;# 
    40  0017                     	;# 
    41  0018                     	;# 
    42  0019                     	;# 
    43  001A                     	;# 
    44  001B                     	;# 
    45  001B                     	;# 
    46  001C                     	;# 
    47  001D                     	;# 
    48  001E                     	;# 
    49  001F                     	;# 
    50  0081                     	;# 
    51  0085                     	;# 
    52  0086                     	;# 
    53  0087                     	;# 
    54  0088                     	;# 
    55  0089                     	;# 
    56  008C                     	;# 
    57  008D                     	;# 
    58  008E                     	;# 
    59  0091                     	;# 
    60  0092                     	;# 
    61  0093                     	;# 
    62  0094                     	;# 
    63  0098                     	;# 
    64  0099                     	;# 
    65  009E                     	;# 
    66  009F                     	;# 
    67  010C                     	;# 
    68  010D                     	;# 
    69  010E                     	;# 
    70  010F                     	;# 
    71  018C                     	;# 
    72  018D                     	;# 
    73                           
    74                           	psect	idataBANK0
    75  0105                     __pidataBANK0:	
    76                           
    77                           ;initializer for _deadspace
    78  0105  340A               	retlw	10
    79  0106  3400               	retlw	0
    80  000B                     _INTCONbits	set	11
    81  0006                     _PORTBbits	set	6
    82  0008                     _PORTDbits	set	8
    83  0009                     _PORTEbits	set	9
    84  001A                     _RCREG	set	26
    85  00C4                     _CREN	set	196
    86  00C2                     _FERR	set	194
    87  005F                     _GIE	set	95
    88  005C                     _INTE	set	92
    89  0059                     _INTF	set	89
    90  005E                     _PEIE	set	94
    91  0065                     _RCIF	set	101
    92  00C6                     _RX9	set	198
    93  00C7                     _SPEN	set	199
    94  0099                     _SPBRG	set	153
    95  0085                     _TRISA	set	133
    96  0086                     _TRISB	set	134
    97  0086                     _TRISBbits	set	134
    98  0087                     _TRISC	set	135
    99  0088                     _TRISDbits	set	136
   100  0089                     _TRISEbits	set	137
   101  04C2                     _BRGH	set	1218
   102  040E                     _INTEDG	set	1038
   103  0465                     _RCIE	set	1125
   104  04C4                     _SYNC	set	1220
   105                           
   106                           ; #config settings
   107  0000                     
   108                           	psect	cinit
   109  0013                     start_initialization:	
   110  0013                     __initialization:	
   111                           
   112                           ; Clear objects allocated to BANK0
   113  0013  01AB               	clrf	__pbssBANK0& (0+127)
   114  0014  01AC               	clrf	(__pbssBANK0+1)& (0+127)
   115  0015  01AD               	clrf	(__pbssBANK0+2)& (0+127)
   116  0016  01AE               	clrf	(__pbssBANK0+3)& (0+127)
   117  0017  01AF               	clrf	(__pbssBANK0+4)& (0+127)
   118  0018  01B0               	clrf	(__pbssBANK0+5)& (0+127)
   119  0019  01B1               	clrf	(__pbssBANK0+6)& (0+127)
   120  001A  01B2               	clrf	(__pbssBANK0+7)& (0+127)
   121                           
   122                           ; Initialize objects allocated to BANK0
   123  001B  118A  2105  118A   	fcall	__pidataBANK0	;fetch initializer
   124  001E  00B3               	movwf	__pdataBANK0& (0+127)
   125  001F  118A  2106         	fcall	__pidataBANK0+1	;fetch initializer
   126  0021  00B4               	movwf	(__pdataBANK0+1)& (0+127)
   127  0022                     end_of_initialization:	
   128                           ;End of C runtime variable initialization code
   129                           
   130  0022                     __end_of__initialization:	
   131  0022  0183               	clrf	3
   132  0023  118A  2876         	ljmp	_main	;jump to C main() function
   133                           
   134                           	psect	bssBANK0
   135  002B                     __pbssBANK0:	
   136  002B                     _goto_pos:	
   137  002B                     	ds	2
   138  002D                     _input_command:	
   139  002D                     	ds	2
   140  002F                     _position:	
   141  002F                     	ds	2
   142  0031                     _recived_data:	
   143  0031                     	ds	1
   144  0032                     _wait_for_UART:	
   145  0032                     	ds	1
   146                           
   147                           	psect	dataBANK0
   148  0033                     __pdataBANK0:	
   149  0033                     _deadspace:	
   150  0033                     	ds	2
   151                           
   152                           	psect	cstackBANK0
   153  0020                     __pcstackBANK0:	
   154  0020                     ?_check_target:	
   155  0020                     ?_isr:	
   156                           ; 1 bytes @ 0x0
   157                           
   158  0020                     ?_main:	
   159                           ; 1 bytes @ 0x0
   160                           
   161  0020                     ?i1_check_target:	
   162                           ; 1 bytes @ 0x0
   163                           
   164  0020                     ??i1_check_target:	
   165                           ; 1 bytes @ 0x0
   166                           
   167                           
   168                           ; 1 bytes @ 0x0
   169  0020                     	ds	1
   170  0021                     ??_isr:	
   171                           
   172                           ; 1 bytes @ 0x1
   173  0021                     	ds	6
   174  0027                     _isr$208:	
   175                           
   176                           ; 1 bytes @ 0x7
   177  0027                     	ds	1
   178  0028                     ??_check_target:	
   179                           
   180                           ; 1 bytes @ 0x8
   181  0028                     	ds	1
   182  0029                     ??_main:	
   183                           
   184                           ; 1 bytes @ 0x9
   185  0029                     	ds	2
   186                           
   187                           	psect	maintext
   188  0076                     __pmaintext:	
   189 ;;
   190 ;;Main: autosize = 0, tempsize = 2, incstack = 0, save=0
   191 ;;
   192 ;; *************** function _main *****************
   193 ;; Defined at:
   194 ;;		line 99 in file "elevation_main.c"
   195 ;; Parameters:    Size  Location     Type
   196 ;;		None
   197 ;; Auto vars:     Size  Location     Type
   198 ;;		None
   199 ;; Return value:  Size  Location     Type
   200 ;;                  1    wreg      void 
   201 ;; Registers used:
   202 ;;		wreg, status,2, status,0, pclath, cstack
   203 ;; Tracked objects:
   204 ;;		On entry : B00/0
   205 ;;		On exit  : 0/0
   206 ;;		Unchanged: 0/0
   207 ;; Data sizes:     COMMON   BANK0   BANK1
   208 ;;      Params:         0       0       0
   209 ;;      Locals:         0       0       0
   210 ;;      Temps:          0       2       0
   211 ;;      Totals:         0       2       0
   212 ;;Total ram usage:        2 bytes
   213 ;; Hardware stack levels required when called:    3
   214 ;; This function calls:
   215 ;;		_check_target
   216 ;; This function is called by:
   217 ;;		Startup code after reset
   218 ;; This function uses a non-reentrant model
   219 ;;
   220                           
   221                           
   222                           ;psect for function _main
   223  0076                     _main:	
   224                           
   225                           ;elevation_main.c: 100: TRISA = 0xFF;
   226                           
   227                           ;incstack = 0
   228                           ; Regs used in _main: [wreg+status,2+status,0+pclath+cstack]
   229  0076  30FF               	movlw	255
   230  0077  1683               	bsf	3,5	;RP0=1, select bank1
   231  0078  1303               	bcf	3,6	;RP1=0, select bank1
   232  0079  0085               	movwf	5	;volatile
   233                           
   234                           ;elevation_main.c: 101: TRISB = 0xFF;
   235  007A  30FF               	movlw	255
   236  007B  0086               	movwf	6	;volatile
   237                           
   238                           ;elevation_main.c: 102: TRISC = 0xFF;
   239  007C  30FF               	movlw	255
   240  007D  0087               	movwf	7	;volatile
   241                           
   242                           ;elevation_main.c: 104: TRISEbits.TRISE1 = 0;
   243  007E  1089               	bcf	9,1	;volatile
   244                           
   245                           ;elevation_main.c: 105: TRISEbits.TRISE0 = 0;
   246  007F  1009               	bcf	9,0	;volatile
   247                           
   248                           ;elevation_main.c: 106: TRISDbits.TRISD2 = 0;
   249  0080  1108               	bcf	8,2	;volatile
   250                           
   251                           ;elevation_main.c: 107: TRISDbits.TRISD3 = 0;
   252  0081  1188               	bcf	8,3	;volatile
   253                           
   254                           ;elevation_main.c: 108: TRISBbits.TRISB1 = 1;
   255  0082  1486               	bsf	6,1	;volatile
   256                           
   257                           ;elevation_main.c: 109: PORTDbits.RD2 = 0;
   258  0083  1283               	bcf	3,5	;RP0=0, select bank0
   259  0084  1303               	bcf	3,6	;RP1=0, select bank0
   260  0085  1108               	bcf	8,2	;volatile
   261                           
   262                           ;elevation_main.c: 110: PORTDbits.RD3 = 0;
   263  0086  1188               	bcf	8,3	;volatile
   264                           
   265                           ;elevation_main.c: 114: BRGH = 0;
   266  0087  1683               	bsf	3,5	;RP0=1, select bank1
   267  0088  1303               	bcf	3,6	;RP1=0, select bank1
   268  0089  1118               	bcf	24,2	;volatile
   269                           
   270                           ;elevation_main.c: 115: SPBRG = 25;
   271  008A  3019               	movlw	25
   272  008B  0099               	movwf	25	;volatile
   273                           
   274                           ;elevation_main.c: 117: SYNC = 0;
   275  008C  1218               	bcf	24,4	;volatile
   276                           
   277                           ;elevation_main.c: 118: SPEN = 1;
   278  008D  1283               	bcf	3,5	;RP0=0, select bank0
   279  008E  1303               	bcf	3,6	;RP1=0, select bank0
   280  008F  1798               	bsf	24,7	;volatile
   281                           
   282                           ;elevation_main.c: 126: INTEDG = 1;
   283  0090  1683               	bsf	3,5	;RP0=1, select bank1
   284  0091  1303               	bcf	3,6	;RP1=0, select bank1
   285  0092  1701               	bsf	1,6	;volatile
   286                           
   287                           ;elevation_main.c: 127: INTE = 1;
   288  0093  160B               	bsf	11,4	;volatile
   289                           
   290                           ;elevation_main.c: 129: RCIE = 1;
   291  0094  168C               	bsf	12,5	;volatile
   292                           
   293                           ;elevation_main.c: 130: PEIE = 1;
   294  0095  170B               	bsf	11,6	;volatile
   295                           
   296                           ;elevation_main.c: 131: GIE = 1;
   297  0096  178B               	bsf	11,7	;volatile
   298                           
   299                           ;elevation_main.c: 132: RX9 = 0;
   300  0097  1283               	bcf	3,5	;RP0=0, select bank0
   301  0098  1303               	bcf	3,6	;RP1=0, select bank0
   302  0099  1318               	bcf	24,6	;volatile
   303                           
   304                           ;elevation_main.c: 133: CREN = 1;
   305  009A  1618               	bsf	24,4	;volatile
   306                           
   307                           ;elevation_main.c: 136: INTF = 0;
   308  009B  108B               	bcf	11,1	;volatile
   309                           
   310                           ;elevation_main.c: 137: PORTEbits.RE1 =0 ;
   311  009C  1089               	bcf	9,1	;volatile
   312                           
   313                           ;elevation_main.c: 138: PORTEbits.RE0 =0;
   314  009D  1009               	bcf	9,0	;volatile
   315  009E                     l755:	
   316                           ;elevation_main.c: 149: }else{
   317                           
   318                           ;elevation_main.c: 145: {
   319                           ;elevation_main.c: 147: if(FERR){
   320                           
   321                           ;elevation_main.c: 144: while(1)
   322                           
   323                           
   324                           ;elevation_main.c: 151: }
   325                           ;elevation_main.c: 154: if(recived_data){
   326  009E  1283               	bcf	3,5	;RP0=0, select bank0
   327  009F  1303               	bcf	3,6	;RP1=0, select bank0
   328  00A0  0831               	movf	_recived_data,w
   329  00A1  1903               	btfsc	3,2
   330  00A2  289E               	goto	l755
   331                           
   332                           ;elevation_main.c: 155: goto_pos = recived_data;
   333  00A3  0831               	movf	_recived_data,w
   334  00A4  00A9               	movwf	??_main
   335  00A5  01AA               	clrf	??_main+1
   336  00A6  0829               	movf	??_main,w
   337  00A7  00AB               	movwf	_goto_pos
   338  00A8  082A               	movf	??_main+1,w
   339  00A9  00AC               	movwf	_goto_pos+1
   340                           
   341                           ;elevation_main.c: 156: recived_data = 0;
   342  00AA  01B1               	clrf	_recived_data
   343                           
   344                           ;elevation_main.c: 158: check_target();
   345  00AB  118A  20AF  118A   	fcall	_check_target
   346  00AE  289E               	goto	l755
   347  00AF                     __end_of_main:	
   348                           ;elevation_main.c: 160: }
   349                           ;elevation_main.c: 164: }
   350                           ;elevation_main.c: 165: return;
   351                           
   352                           
   353                           	psect	text1
   354  00AF                     __ptext1:	
   355 ;; *************** function _check_target *****************
   356 ;; Defined at:
   357 ;;		line 44 in file "elevation_main.c"
   358 ;; Parameters:    Size  Location     Type
   359 ;;		None
   360 ;; Auto vars:     Size  Location     Type
   361 ;;		None
   362 ;; Return value:  Size  Location     Type
   363 ;;                  1    wreg      void 
   364 ;; Registers used:
   365 ;;		wreg
   366 ;; Tracked objects:
   367 ;;		On entry : 0/0
   368 ;;		On exit  : 0/0
   369 ;;		Unchanged: 0/0
   370 ;; Data sizes:     COMMON   BANK0   BANK1
   371 ;;      Params:         0       0       0
   372 ;;      Locals:         0       0       0
   373 ;;      Temps:          0       1       0
   374 ;;      Totals:         0       1       0
   375 ;;Total ram usage:        1 bytes
   376 ;; Hardware stack levels used:    1
   377 ;; Hardware stack levels required when called:    2
   378 ;; This function calls:
   379 ;;		Nothing
   380 ;; This function is called by:
   381 ;;		_main
   382 ;; This function uses a non-reentrant model
   383 ;;
   384                           
   385                           
   386                           ;psect for function _check_target
   387  00AF                     _check_target:	
   388                           
   389                           ;elevation_main.c: 45: if(position > goto_pos){
   390                           
   391                           ;incstack = 0
   392                           ; Regs used in _check_target: [wreg]
   393  00AF  1283               	bcf	3,5	;RP0=0, select bank0
   394  00B0  1303               	bcf	3,6	;RP1=0, select bank0
   395  00B1  082C               	movf	_goto_pos+1,w
   396  00B2  3A80               	xorlw	128
   397  00B3  00A8               	movwf	??_check_target
   398  00B4  0830               	movf	_position+1,w
   399  00B5  3A80               	xorlw	128
   400  00B6  0228               	subwf	??_check_target,w
   401  00B7  1D03               	skipz
   402  00B8  28BB               	goto	u125
   403  00B9  082F               	movf	_position,w
   404  00BA  022B               	subwf	_goto_pos,w
   405  00BB                     u125:	
   406  00BB  1803               	skipnc
   407  00BC  28C2               	goto	l661
   408                           
   409                           ;elevation_main.c: 46: PORTDbits.RD2 = 0;
   410  00BD  1283               	bcf	3,5	;RP0=0, select bank0
   411  00BE  1303               	bcf	3,6	;RP1=0, select bank0
   412  00BF  1108               	bcf	8,2	;volatile
   413                           
   414                           ;elevation_main.c: 47: PORTDbits.RD3 = 1;
   415  00C0  1588               	bsf	8,3	;volatile
   416                           
   417                           ;elevation_main.c: 50: }else if(position < goto_pos){
   418  00C1  0008               	return
   419  00C2                     l661:	
   420  00C2  1283               	bcf	3,5	;RP0=0, select bank0
   421  00C3  1303               	bcf	3,6	;RP1=0, select bank0
   422  00C4  0830               	movf	_position+1,w
   423  00C5  3A80               	xorlw	128
   424  00C6  00A8               	movwf	??_check_target
   425  00C7  082C               	movf	_goto_pos+1,w
   426  00C8  3A80               	xorlw	128
   427  00C9  0228               	subwf	??_check_target,w
   428  00CA  1D03               	skipz
   429  00CB  28CE               	goto	u135
   430  00CC  082B               	movf	_goto_pos,w
   431  00CD  022F               	subwf	_position,w
   432  00CE                     u135:	
   433  00CE  1803               	skipnc
   434  00CF  28D5               	goto	l69
   435                           
   436                           ;elevation_main.c: 51: PORTDbits.RD3 = 0;
   437  00D0  1283               	bcf	3,5	;RP0=0, select bank0
   438  00D1  1303               	bcf	3,6	;RP1=0, select bank0
   439  00D2  1188               	bcf	8,3	;volatile
   440                           
   441                           ;elevation_main.c: 52: PORTDbits.RD2 = 1;
   442  00D3  1508               	bsf	8,2	;volatile
   443                           
   444                           ;elevation_main.c: 55: }else{
   445  00D4  0008               	return
   446  00D5                     l69:	
   447                           
   448                           ;elevation_main.c: 56: PORTDbits.RD2 = 0;
   449  00D5  1283               	bcf	3,5	;RP0=0, select bank0
   450  00D6  1303               	bcf	3,6	;RP1=0, select bank0
   451  00D7  1108               	bcf	8,2	;volatile
   452                           
   453                           ;elevation_main.c: 57: PORTDbits.RD3 = 0;
   454  00D8  1188               	bcf	8,3	;volatile
   455  00D9  0008               	return
   456  00DA                     __end_of_check_target:	
   457                           
   458                           	psect	text2
   459  0025                     __ptext2:	
   460 ;; *************** function _isr *****************
   461 ;; Defined at:
   462 ;;		line 62 in file "elevation_main.c"
   463 ;; Parameters:    Size  Location     Type
   464 ;;		None
   465 ;; Auto vars:     Size  Location     Type
   466 ;;		None
   467 ;; Return value:  Size  Location     Type
   468 ;;                  1    wreg      void 
   469 ;; Registers used:
   470 ;;		wreg, status,2, status,0, btemp+1, pclath, cstack
   471 ;; Tracked objects:
   472 ;;		On entry : 0/0
   473 ;;		On exit  : 0/0
   474 ;;		Unchanged: 0/0
   475 ;; Data sizes:     COMMON   BANK0   BANK1
   476 ;;      Params:         0       0       0
   477 ;;      Locals:         0       1       0
   478 ;;      Temps:          0       6       0
   479 ;;      Totals:         0       7       0
   480 ;;Total ram usage:        7 bytes
   481 ;; Hardware stack levels used:    1
   482 ;; Hardware stack levels required when called:    1
   483 ;; This function calls:
   484 ;;		i1_check_target
   485 ;; This function is called by:
   486 ;;		Interrupt level 1
   487 ;; This function uses a non-reentrant model
   488 ;;
   489                           
   490                           
   491                           ;psect for function _isr
   492  0025                     _isr:	
   493                           
   494                           ;elevation_main.c: 68: if (RCIF){
   495  0025  1E8C               	btfss	12,5	;volatile
   496  0026  284A               	goto	i1l695
   497                           
   498                           ;elevation_main.c: 69: if(wait_for_UART){
   499  0027  0832               	movf	_wait_for_UART,w
   500  0028  1903               	btfsc	3,2
   501  0029  2843               	goto	i1l689
   502                           
   503                           ;elevation_main.c: 70: input_command = (recived_data<<8) || RCREG;
   504  002A  01A7               	clrf	_isr$208
   505  002B  0AA7               	incf	_isr$208,f
   506  002C  0831               	movf	_recived_data,w
   507  002D  00A1               	movwf	??_isr
   508  002E  01A2               	clrf	??_isr+1
   509  002F  0821               	movf	??_isr,w
   510  0030  00A2               	movwf	??_isr+1
   511  0031  01A1               	clrf	??_isr
   512  0032  0821               	movf	??_isr,w
   513  0033  0422               	iorwf	??_isr+1,w
   514  0034  1D03               	btfss	3,2
   515  0035  283A               	goto	i1l685
   516  0036  081A               	movf	26,w	;volatile
   517  0037  1D03               	btfss	3,2
   518  0038  283A               	goto	i1l685
   519  0039  01A7               	clrf	_isr$208
   520  003A                     i1l685:	
   521  003A  0827               	movf	_isr$208,w
   522  003B  00A1               	movwf	??_isr
   523  003C  01A2               	clrf	??_isr+1
   524  003D  0821               	movf	??_isr,w
   525  003E  00AD               	movwf	_input_command
   526  003F  0822               	movf	??_isr+1,w
   527  0040  00AE               	movwf	_input_command+1
   528                           
   529                           ;elevation_main.c: 71: wait_for_UART = 0;
   530  0041  01B2               	clrf	_wait_for_UART
   531                           
   532                           ;elevation_main.c: 72: }else{
   533  0042  2849               	goto	i1l693
   534  0043                     i1l689:	
   535                           
   536                           ;elevation_main.c: 73: recived_data = RCREG;
   537  0043  081A               	movf	26,w	;volatile
   538  0044  00A1               	movwf	??_isr
   539  0045  0821               	movf	??_isr,w
   540  0046  00B1               	movwf	_recived_data
   541                           
   542                           ;elevation_main.c: 74: wait_for_UART = 1;
   543  0047  01B2               	clrf	_wait_for_UART
   544  0048  0AB2               	incf	_wait_for_UART,f
   545  0049                     i1l693:	
   546                           
   547                           ;elevation_main.c: 75: }
   548                           ;elevation_main.c: 76: RCREG = 0;
   549  0049  019A               	clrf	26	;volatile
   550  004A                     i1l695:	
   551                           
   552                           ;elevation_main.c: 79: }
   553                           ;elevation_main.c: 81: if(INTF){
   554  004A  1C8B               	btfss	11,1	;volatile
   555  004B  2866               	goto	i1l707
   556                           
   557                           ;elevation_main.c: 82: INTCONbits.INTF = 0;
   558  004C  108B               	bcf	11,1	;volatile
   559                           
   560                           ;elevation_main.c: 83: _delay((unsigned long)((1)*(16000000/4000.0)));
   561  004D  3006               	movlw	6
   562  004E  00A2               	movwf	??_isr+1
   563  004F  3030               	movlw	48
   564  0050  00A1               	movwf	??_isr
   565  0051                     u23_27:	
   566  0051  0BA1               	decfsz	??_isr,f
   567  0052  2851               	goto	u23_27
   568  0053  0BA2               	decfsz	??_isr+1,f
   569  0054  2851               	goto	u23_27
   570  0055  0000               	nop
   571                           
   572                           ;elevation_main.c: 84: if(PORTBbits.RB1){
   573  0056  1283               	bcf	3,5	;RP0=0, select bank0
   574  0057  1303               	bcf	3,6	;RP1=0, select bank0
   575  0058  1C86               	btfss	6,1	;volatile
   576  0059  2860               	goto	i1l705
   577                           
   578                           ;elevation_main.c: 85: position++;
   579  005A  3001               	movlw	1
   580  005B  07AF               	addwf	_position,f
   581  005C  1803               	skipnc
   582  005D  0AB0               	incf	_position+1,f
   583  005E  3000               	movlw	0
   584  005F  2865               	goto	L1
   585  0060                     i1l705:	
   586                           ;elevation_main.c: 86: }else{
   587                           
   588                           
   589                           ;elevation_main.c: 87: position--;
   590  0060  30FF               	movlw	255
   591  0061  07AF               	addwf	_position,f
   592  0062  1803               	skipnc
   593  0063  0AB0               	incf	_position+1,f
   594  0064  30FF               	movlw	255
   595  0065                     L1:	
   596  0065  07B0               	addwf	_position+1,f
   597  0066                     i1l707:	
   598                           
   599                           ;elevation_main.c: 88: }
   600                           ;elevation_main.c: 91: }
   601                           ;elevation_main.c: 92: check_target();
   602  0066  118A  20DA  118A   	fcall	i1_check_target
   603  0069  1283               	bcf	3,5	;RP0=0, select bank0
   604  006A  1303               	bcf	3,6	;RP1=0, select bank0
   605  006B  0826               	movf	??_isr+5,w
   606  006C  00FF               	movwf	127
   607  006D  0825               	movf	??_isr+4,w
   608  006E  008A               	movwf	10
   609  006F  0824               	movf	??_isr+3,w
   610  0070  0084               	movwf	4
   611  0071  0E23               	swapf	(??_isr+2)^0,w
   612  0072  0083               	movwf	3
   613  0073  0EFE               	swapf	126,f
   614  0074  0E7E               	swapf	126,w
   615  0075  0009               	retfie
   616  0076                     __end_of_isr:	
   617                           
   618                           	psect	intentry
   619  0004                     __pintentry:	
   620                           ;incstack = 0
   621                           ; Regs used in _isr: [wreg+status,2+status,0+btemp+1+pclath+cstack]
   622                           
   623  0004                     interrupt_function:	
   624  007E                     saved_w	set	btemp
   625  0004  00FE               	movwf	btemp
   626  0005  0E03               	swapf	3,w
   627  0006  1283               	bcf	3,5	;RP0=0, select bank0
   628  0007  1303               	bcf	3,6	;RP1=0, select bank0
   629  0008  00A3               	movwf	??_isr+2
   630  0009  0804               	movf	4,w
   631  000A  00A4               	movwf	??_isr+3
   632  000B  080A               	movf	10,w
   633  000C  00A5               	movwf	??_isr+4
   634  000D  087F               	movf	btemp+1,w
   635  000E  00A6               	movwf	??_isr+5
   636  000F  118A  2825         	ljmp	_isr
   637                           
   638                           	psect	text3
   639  00DA                     __ptext3:	
   640 ;; *************** function i1_check_target *****************
   641 ;; Defined at:
   642 ;;		line 44 in file "elevation_main.c"
   643 ;; Parameters:    Size  Location     Type
   644 ;;		None
   645 ;; Auto vars:     Size  Location     Type
   646 ;;		None
   647 ;; Return value:  Size  Location     Type
   648 ;;                  1    wreg      void 
   649 ;; Registers used:
   650 ;;		wreg
   651 ;; Tracked objects:
   652 ;;		On entry : 0/0
   653 ;;		On exit  : 0/0
   654 ;;		Unchanged: 0/0
   655 ;; Data sizes:     COMMON   BANK0   BANK1
   656 ;;      Params:         0       0       0
   657 ;;      Locals:         0       0       0
   658 ;;      Temps:          0       1       0
   659 ;;      Totals:         0       1       0
   660 ;;Total ram usage:        1 bytes
   661 ;; Hardware stack levels used:    1
   662 ;; This function calls:
   663 ;;		Nothing
   664 ;; This function is called by:
   665 ;;		_isr
   666 ;; This function uses a non-reentrant model
   667 ;;
   668                           
   669                           
   670                           ;psect for function i1_check_target
   671  00DA                     i1_check_target:	
   672                           
   673                           ;elevation_main.c: 45: if(position > goto_pos){
   674                           
   675                           ;incstack = 0
   676                           ; Regs used in i1_check_target: [wreg]
   677  00DA  1283               	bcf	3,5	;RP0=0, select bank0
   678  00DB  1303               	bcf	3,6	;RP1=0, select bank0
   679  00DC  082C               	movf	_goto_pos+1,w
   680  00DD  3A80               	xorlw	128
   681  00DE  00A0               	movwf	??i1_check_target
   682  00DF  0830               	movf	_position+1,w
   683  00E0  3A80               	xorlw	128
   684  00E1  0220               	subwf	??i1_check_target,w
   685  00E2  1D03               	skipz
   686  00E3  28E6               	goto	u14_25
   687  00E4  082F               	movf	_position,w
   688  00E5  022B               	subwf	_goto_pos,w
   689  00E6                     u14_25:	
   690  00E6  1803               	skipnc
   691  00E7  28ED               	goto	i1l669
   692                           
   693                           ;elevation_main.c: 46: PORTDbits.RD2 = 0;
   694  00E8  1283               	bcf	3,5	;RP0=0, select bank0
   695  00E9  1303               	bcf	3,6	;RP1=0, select bank0
   696  00EA  1108               	bcf	8,2	;volatile
   697                           
   698                           ;elevation_main.c: 47: PORTDbits.RD3 = 1;
   699  00EB  1588               	bsf	8,3	;volatile
   700                           
   701                           ;elevation_main.c: 50: }else if(position < goto_pos){
   702  00EC  0008               	return
   703  00ED                     i1l669:	
   704  00ED  1283               	bcf	3,5	;RP0=0, select bank0
   705  00EE  1303               	bcf	3,6	;RP1=0, select bank0
   706  00EF  0830               	movf	_position+1,w
   707  00F0  3A80               	xorlw	128
   708  00F1  00A0               	movwf	??i1_check_target
   709  00F2  082C               	movf	_goto_pos+1,w
   710  00F3  3A80               	xorlw	128
   711  00F4  0220               	subwf	??i1_check_target,w
   712  00F5  1D03               	skipz
   713  00F6  28F9               	goto	u15_25
   714  00F7  082B               	movf	_goto_pos,w
   715  00F8  022F               	subwf	_position,w
   716  00F9                     u15_25:	
   717  00F9  1803               	skipnc
   718  00FA  2900               	goto	i1l69
   719                           
   720                           ;elevation_main.c: 51: PORTDbits.RD3 = 0;
   721  00FB  1283               	bcf	3,5	;RP0=0, select bank0
   722  00FC  1303               	bcf	3,6	;RP1=0, select bank0
   723  00FD  1188               	bcf	8,3	;volatile
   724                           
   725                           ;elevation_main.c: 52: PORTDbits.RD2 = 1;
   726  00FE  1508               	bsf	8,2	;volatile
   727                           
   728                           ;elevation_main.c: 55: }else{
   729  00FF  0008               	return
   730  0100                     i1l69:	
   731                           
   732                           ;elevation_main.c: 56: PORTDbits.RD2 = 0;
   733  0100  1283               	bcf	3,5	;RP0=0, select bank0
   734  0101  1303               	bcf	3,6	;RP1=0, select bank0
   735  0102  1108               	bcf	8,2	;volatile
   736                           
   737                           ;elevation_main.c: 57: PORTDbits.RD3 = 0;
   738  0103  1188               	bcf	8,3	;volatile
   739  0104  0008               	return
   740  0105                     __end_ofi1_check_target:	
   741  007E                     btemp	set	126	;btemp
   742  007E                     wtemp	set	126
   743  007E                     wtemp0	set	126
   744  0080                     wtemp1	set	128
   745  0082                     wtemp2	set	130
   746  0084                     wtemp3	set	132
   747  0086                     wtemp4	set	134
   748  0088                     wtemp5	set	136
   749  007F                     wtemp6	set	127
   750  007E                     ttemp	set	126
   751  007E                     ttemp0	set	126
   752  0081                     ttemp1	set	129
   753  0084                     ttemp2	set	132
   754  0087                     ttemp3	set	135
   755  007F                     ttemp4	set	127
   756  007E                     ltemp	set	126
   757  007E                     ltemp0	set	126
   758  0082                     ltemp1	set	130
   759  0086                     ltemp2	set	134
   760  0080                     ltemp3	set	128


Data Sizes:
    Strings     0
    Constant    0
    Data        2
    BSS         8
    Persistent  0
    Stack       0

Auto Spaces:
    Space          Size  Autos    Used
    COMMON            0      0       0
    BANK0            94     11      21
    BANK1            94      0       0

Pointer List with Targets:

    None.

Critical Paths under _main in COMMON

    None.

Critical Paths under _isr in COMMON

    None.

Critical Paths under _main in BANK0

    _main->_check_target

Critical Paths under _isr in BANK0

    _isr->i1_check_target

Critical Paths under _main in BANK1

    None.

Critical Paths under _isr in BANK1

    None.

Call Graph Tables:

 ---------------------------------------------------------------------------------
 (Depth) Function   	        Calls       Base Space   Used Autos Params    Refs
 ---------------------------------------------------------------------------------
 (0) _main                                                 2     2      0       0
                                              9 BANK0      2     2      0
                       _check_target
 ---------------------------------------------------------------------------------
 (1) _check_target                                         1     1      0       0
                                              8 BANK0      1     1      0
 ---------------------------------------------------------------------------------
 Estimated maximum stack depth 1
 ---------------------------------------------------------------------------------
 (Depth) Function   	        Calls       Base Space   Used Autos Params    Refs
 ---------------------------------------------------------------------------------
 (2) _isr                                                  7     7      0      24
                                              1 BANK0      7     7      0
                     i1_check_target
 ---------------------------------------------------------------------------------
 (3) i1_check_target                                       1     1      0       0
                                              0 BANK0      1     1      0
 ---------------------------------------------------------------------------------
 Estimated maximum stack depth 3
 ---------------------------------------------------------------------------------

 Call Graph Graphs:

 _main (ROOT)
   _check_target

 _isr (ROOT)
   i1_check_target

 Address spaces:
Name               Size   Autos  Total    Cost      Usage
SFR3                 0      0       0       4        0.0%
BITSFR3              0      0       0       4        0.0%
SFR2                 0      0       0       5        0.0%
BITSFR2              0      0       0       5        0.0%
BANK1               5E      0       0       6        0.0%
BITBANK1            5E      0       0       5        0.0%
SFR1                 0      0       0       2        0.0%
BITSFR1              0      0       0       2        0.0%
BANK0               5E      B      15       4       22.3%
BITBANK0            5E      0       0       3        0.0%
SFR0                 0      0       0       1        0.0%
BITSFR0              0      0       0       1        0.0%
COMMON               0      0       0       1        0.0%
BITCOMMON            0      0       0       0        0.0%
CODE                 0      0       0       0        0.0%
DATA                 0      0      15       8        0.0%
ABS                  0      0      15       7        0.0%
NULL                 0      0       0       0        0.0%
STACK                0      0       0       2        0.0%
EEDATA              80      0       0       0        0.0%


Microchip Technology PIC Macro Assembler V1.36 build -262312587 
Symbol Table                                                                                   Sun Aug  1 14:29:42 2021

            __CFG_CP$OFF 0000                       l69 00D5                      l661 00C2  
                    l755 009E                      _GIE 005F                      u125 00BB  
                    u135 00CE             __CFG_CPD$OFF 0000                      _RX9 00C6  
   __end_of_check_target 00DA                      _isr 0025                      fsr0 0004  
           __CFG_FOSC$XT 0000             __CFG_LVP$OFF 0000                     ?_isr 0020  
                   _BRGH 04C2                     _CREN 00C4                     _FERR 00C2  
                   _PEIE 005E                     _INTE 005C                     _INTF 0059  
                   _RCIE 0465                     _RCIF 0065                     i1l69 0100  
                   _SPEN 00C7                     _SYNC 04C4             __CFG_WRT$OFF 0000  
                   _main 0076                     btemp 007E            __CFG_BOREN$ON 0000  
                   ltemp 007E                     start 0011                     ttemp 007E  
                   wtemp 007E                    ??_isr 0021                    ?_main 0020  
          __CFG_WDTE$OFF 0000                    i1l705 0060                    i1l707 0066  
                  i1l669 00ED                    i1l693 0049                    i1l685 003A  
                  i1l695 004A                    i1l689 0043                    _RCREG 001A  
                  u14_25 00E6                    u15_25 00F9                    u23_27 0051  
                  _SPBRG 0099                    _TRISA 0085                    _TRISB 0086  
                  _TRISC 0087                    pclath 000A                    ltemp0 007E  
                  ltemp1 0082                    ltemp2 0086                    ltemp3 0080  
                  ttemp0 007E                    ttemp1 0081                    ttemp2 0084  
                  ttemp3 0087                    ttemp4 007F                    status 0003  
                  wtemp0 007E                    wtemp1 0080                    wtemp2 0082  
                  wtemp3 0084                    wtemp4 0086                    wtemp5 0088  
                  wtemp6 007F          __initialization 0013  __size_ofi1_check_target 002B  
           __end_of_main 00AF                   ??_main 0029                   _INTEDG 040E  
         __CFG_PWRTE$OFF 0000    __size_of_check_target 002B                   saved_w 007E  
__end_of__initialization 0022             _check_target 00AF             __pidataBANK0 0105  
             __pbssBANK0 002B               __pmaintext 0076           i1_check_target 00DA  
             __pintentry 0004   __end_ofi1_check_target 0105                  _isr$208 0027  
                __ptext1 00AF                  __ptext2 0025                  __ptext3 00DA  
           __size_of_isr 0051     end_of_initialization 0022          ?i1_check_target 0020  
              _PORTBbits 0006                _PORTDbits 0008                _PORTEbits 0009  
          _input_command 002D                _TRISBbits 0086                _TRISDbits 0088  
              _TRISEbits 0089      start_initialization 0013              __end_of_isr 0076  
            __pdataBANK0 0033                ___latbits 0001            __pcstackBANK0 0020  
              _deadspace 0033         ??i1_check_target 0020        interrupt_function 0004  
           _recived_data 0031            ?_check_target 0020            _wait_for_UART 0032  
          __size_of_main 0039                 _goto_pos 002B           ??_check_target 0028  
               _position 002F               _INTCONbits 000B                 intlevel1 0000  
